<?xml version="1.0" encoding="UTF-8"?>
<testsuite xmlns:xsi="http://www.w3.org/2001/XMLSchema-instance" xsi:noNamespaceSchemaLocation="https://maven.apache.org/surefire/maven-surefire-plugin/xsd/surefire-test-report-3.0.xsd" version="3.0" name="br.edu.inventory.estoque.EstoqueIntegrationTest" time="34.67" tests="2" errors="0" skipped="0" failures="0">
  <properties>
[...]
</properties>
  <testcase name="registrarEntrada_comProdutoExistente_deveRetornar201" classname="br.edu.inventory.estoque.EstoqueIntegrationTest" time="5.212">
    <system-out><![CDATA[Standard Commons Logging discovery in action with spring-jcl: please remove commons-logging.jar from classpath in order to avoid potential conflicts
22:50:42.907 [main] INFO org.springframework.test.context.support.AnnotationConfigContextLoaderUtils -- Could not detect default configuration classes for test class [br.edu.inventory.estoque.EstoqueIntegrationTest]: EstoqueIntegrationTest does not declare any static, non-private, non-final, nested classes annotated with @Configuration.
22:50:43.150 [main] INFO org.springframework.boot.test.context.SpringBootTestContextBootstrapper -- Found @SpringBootConfiguration br.edu.inventory.estoque.EstoqueApplication for test class br.edu.inventory.estoque.EstoqueIntegrationTest

  .   ____          _            __ _ _
 /\\ / ___'_ __ _ _(_)_ __  __ _ \ \ \ \
( ( )\___ | '_ | '_| | '_ \/ _` | \ \ \ \
 \\/  ___)| |_)| | | | | || (_| |  ) ) ) )
  '  |____| .__|_| |_|_| |_\__, | / / / /
 =========|_|==============|___/=/_/_/_/
 :: Spring Boot ::                (v3.2.5)

2026-05-23T22:50:45.651-03:00  INFO 15608 --- [estoque-service] [           main] b.e.i.estoque.EstoqueIntegrationTest     : Starting EstoqueIntegrationTest using Java 17.0.12 with PID 15608 (started by Aluno in C:\Users\Aluno\Documents\sistemaDeEstoque\estoque-service)
2026-05-23T22:50:45.653-03:00 DEBUG 15608 --- [estoque-service] [           main] b.e.i.estoque.EstoqueIntegrationTest     : Running with Spring Boot v3.2.5, Spring v6.1.6
2026-05-23T22:50:45.655-03:00  INFO 15608 --- [estoque-service] [           main] b.e.i.estoque.EstoqueIntegrationTest     : No active profile set, falling back to 1 default profile: "default"
2026-05-23T22:50:48.552-03:00  INFO 15608 --- [estoque-service] [           main] .s.d.r.c.RepositoryConfigurationDelegate : Bootstrapping Spring Data JPA repositories in DEFAULT mode.
2026-05-23T22:50:48.741-03:00  INFO 15608 --- [estoque-service] [           main] .s.d.r.c.RepositoryConfigurationDelegate : Finished Spring Data repository scanning in 154 ms. Found 1 JPA repository interface.
2026-05-23T22:50:49.399-03:00  INFO 15608 --- [estoque-service] [           main] o.s.cloud.context.scope.GenericScope     : BeanFactory id=bdafa68a-3f48-3dae-8d80-2773846a2f7c
2026-05-23T22:50:51.061-03:00  INFO 15608 --- [estoque-service] [           main] o.s.b.w.embedded.tomcat.TomcatWebServer  : Tomcat initialized with port 0 (http)
2026-05-23T22:50:51.084-03:00  INFO 15608 --- [estoque-service] [           main] o.apache.catalina.core.StandardService   : Starting service [Tomcat]
2026-05-23T22:50:51.085-03:00  INFO 15608 --- [estoque-service] [           main] o.apache.catalina.core.StandardEngine    : Starting Servlet engine: [Apache Tomcat/10.1.20]
2026-05-23T22:50:51.263-03:00  INFO 15608 --- [estoque-service] [           main] o.a.c.c.C.[Tomcat].[localhost].[/]       : Initializing Spring embedded WebApplicationContext
2026-05-23T22:50:51.264-03:00  INFO 15608 --- [estoque-service] [           main] w.s.c.ServletWebServerApplicationContext : Root WebApplicationContext: initialization completed in 5570 ms
Standard Commons Logging discovery in action with spring-jcl: please remove commons-logging.jar from classpath in order to avoid potential conflicts
2026-05-23T22:50:51.773-03:00  INFO 15608 --- [estoque-service] [           main] com.zaxxer.hikari.HikariDataSource       : HikariPool-1 - Starting...
2026-05-23T22:50:52.238-03:00  INFO 15608 --- [estoque-service] [           main] com.zaxxer.hikari.pool.HikariPool        : HikariPool-1 - Added connection conn0: url=jdbc:h2:mem:estoquedb user=SA
2026-05-23T22:50:52.241-03:00  INFO 15608 --- [estoque-service] [           main] com.zaxxer.hikari.HikariDataSource       : HikariPool-1 - Start completed.
2026-05-23T22:50:52.262-03:00  INFO 15608 --- [estoque-service] [           main] o.s.b.a.h2.H2ConsoleAutoConfiguration    : H2 console available at '/h2-console'. Database available at 'jdbc:h2:mem:estoquedb'
2026-05-23T22:50:52.865-03:00  INFO 15608 --- [estoque-service] [           main] o.hibernate.jpa.internal.util.LogHelper  : HHH000204: Processing PersistenceUnitInfo [name: default]
2026-05-23T22:50:53.016-03:00  INFO 15608 --- [estoque-service] [           main] org.hibernate.Version                    : HHH000412: Hibernate ORM core version 6.4.4.Final
2026-05-23T22:50:53.134-03:00  INFO 15608 --- [estoque-service] [           main] o.h.c.internal.RegionFactoryInitiator    : HHH000026: Second-level cache disabled
2026-05-23T22:50:53.852-03:00  INFO 15608 --- [estoque-service] [           main] o.s.o.j.p.SpringPersistenceUnitInfo      : No LoadTimeWeaver setup: ignoring JPA class transformer
2026-05-23T22:50:55.908-03:00  INFO 15608 --- [estoque-service] [           main] o.h.e.t.j.p.i.JtaPlatformInitiator       : HHH000489: No JTA platform available (set 'hibernate.transaction.jta.platform' to enable JTA platform integration)
2026-05-23T22:50:55.977-03:00  INFO 15608 --- [estoque-service] [           main] j.LocalContainerEntityManagerFactoryBean : Initialized JPA EntityManagerFactory for persistence unit 'default'
2026-05-23T22:50:56.784-03:00  INFO 15608 --- [estoque-service] [           main] o.s.d.j.r.query.QueryEnhancerFactory     : Hibernate is in classpath; If applicable, HQL parser will be used.
2026-05-23T22:50:59.271-03:00  WARN 15608 --- [estoque-service] [           main] JpaBaseConfiguration$JpaWebConfiguration : spring.jpa.open-in-view is enabled by default. Therefore, database queries may be performed during view rendering. Explicitly configure spring.jpa.open-in-view to disable this warning
2026-05-23T22:51:00.758-03:00  INFO 15608 --- [estoque-service] [           main] o.apache.activemq.artemis.core.server    : AMQ221000: live Message Broker is starting with configuration Broker Configuration (clustered=false,journalDirectory=C:\Users\Aluno\AppData\Local\Temp\artemis-data/journal,bindingsDirectory=data/bindings,largeMessagesDirectory=data/largemessages,pagingDirectory=data/paging)
2026-05-23T22:51:00.838-03:00  INFO 15608 --- [estoque-service] [           main] o.apache.activemq.artemis.core.server    : AMQ221045: libaio is not available, switching the configuration into NIO
2026-05-23T22:51:01.005-03:00  INFO 15608 --- [estoque-service] [           main] o.apache.activemq.artemis.core.server    : AMQ221057: Global Max Size is being adjusted to 1/2 of the JVM max size (-Xmx). being defined as 1041235968
2026-05-23T22:51:01.122-03:00  INFO 15608 --- [estoque-service] [           main] o.apache.activemq.artemis.core.server    : AMQ221043: Protocol module found: [artemis-server]. Adding protocol support for: CORE
2026-05-23T22:51:01.274-03:00  INFO 15608 --- [estoque-service] [           main] org.apache.activemq.audit.base           : AMQ601138: User anonymous@unknown is getting notification info on target resource: null
2026-05-23T22:51:01.275-03:00  INFO 15608 --- [estoque-service] [           main] org.apache.activemq.audit.base           : AMQ601019: User anonymous@unknown is getting mbean info on target resource: org.apache.activemq.artemis.core.management.impl.ActiveMQServerControlImpl@566806a
2026-05-23T22:51:01.276-03:00  INFO 15608 --- [estoque-service] [           main] org.apache.activemq.audit.base           : AMQ601138: User anonymous@unknown is getting notification info on target resource: ActiveMQServerImpl::name=localhost
2026-05-23T22:51:01.312-03:00  INFO 15608 --- [estoque-service] [           main] o.apache.activemq.artemis.core.server    : AMQ224092: Despite disabled persistence, page files will be persisted.
2026-05-23T22:51:01.340-03:00  INFO 15608 --- [estoque-service] [           main] o.apache.activemq.artemis.core.server    : AMQ221080: Deploying address DLQ supporting [ANYCAST]
2026-05-23T22:51:01.355-03:00  INFO 15608 --- [estoque-service] [           main] org.apache.activemq.audit.base           : AMQ601019: User anonymous@unknown is getting mbean info on target resource: org.apache.activemq.artemis.core.management.impl.AddressControlImpl@687668da
2026-05-23T22:51:01.363-03:00  INFO 15608 --- [estoque-service] [           main] o.apache.activemq.artemis.core.server    : AMQ221003: Deploying ANYCAST queue DLQ on address DLQ
2026-05-23T22:51:01.596-03:00  INFO 15608 --- [estoque-service] [           main] org.apache.activemq.audit.base           : AMQ601019: User anonymous@unknown is getting mbean info on target resource: org.apache.activemq.artemis.core.management.impl.QueueControlImpl@2d7956fb
2026-05-23T22:51:01.602-03:00  INFO 15608 --- [estoque-service] [           main] o.apache.activemq.artemis.core.server    : AMQ221080: Deploying address ExpiryQueue supporting [ANYCAST]
2026-05-23T22:51:01.604-03:00  INFO 15608 --- [estoque-service] [           main] org.apache.activemq.audit.base           : AMQ601019: User anonymous@unknown is getting mbean info on target resource: org.apache.activemq.artemis.core.management.impl.AddressControlImpl@5d869991
2026-05-23T22:51:01.605-03:00  INFO 15608 --- [estoque-service] [           main] o.apache.activemq.artemis.core.server    : AMQ221003: Deploying ANYCAST queue ExpiryQueue on address ExpiryQueue
2026-05-23T22:51:01.607-03:00  INFO 15608 --- [estoque-service] [           main] org.apache.activemq.audit.base           : AMQ601019: User anonymous@unknown is getting mbean info on target resource: org.apache.activemq.artemis.core.management.impl.QueueControlImpl@597880b1
2026-05-23T22:51:01.614-03:00  INFO 15608 --- [estoque-service] [           main] org.apache.activemq.audit.base           : AMQ601019: User anonymous@unknown is getting mbean info on target resource: org.apache.activemq.artemis.core.management.impl.AddressControlImpl@3c77afeb
2026-05-23T22:51:01.764-03:00  INFO 15608 --- [estoque-service] [           main] org.apache.activemq.audit.base           : AMQ601019: User anonymous@unknown is getting mbean info on target resource: org.apache.activemq.artemis.core.management.impl.AcceptorControlImpl@3c4161d1
2026-05-23T22:51:01.835-03:00  INFO 15608 --- [estoque-service] [           main] org.apache.activemq.audit.base           : AMQ601019: User anonymous@unknown is getting mbean info on target resource: org.apache.activemq.artemis.core.management.impl.AcceptorControlImpl@3f341562
2026-05-23T22:51:02.519-03:00  INFO 15608 --- [estoque-service] [           main] o.apache.activemq.artemis.core.server    : AMQ221020: Started NIO Acceptor at 0.0.0.0:61616 for protocols [CORE]
2026-05-23T22:51:02.521-03:00  INFO 15608 --- [estoque-service] [           main] o.apache.activemq.artemis.core.server    : AMQ221007: Server is now live
2026-05-23T22:51:02.522-03:00  INFO 15608 --- [estoque-service] [           main] o.apache.activemq.artemis.core.server    : AMQ221001: Apache ActiveMQ Artemis Message Broker version 2.31.2 [localhost, nodeID=03edff73-5713-11f1-94aa-0a0027000005] 
2026-05-23T22:51:09.521-03:00  INFO 15608 --- [estoque-service] [           main] o.a.c.c.C.[Tomcat].[localhost].[/]       : Initializing Spring TestDispatcherServlet ''
2026-05-23T22:51:09.522-03:00  INFO 15608 --- [estoque-service] [           main] o.s.t.web.servlet.TestDispatcherServlet  : Initializing Servlet ''
2026-05-23T22:51:09.555-03:00  INFO 15608 --- [estoque-service] [           main] o.s.b.a.e.web.EndpointLinksResolver      : Exposing 3 endpoint(s) beneath base path '/actuator'
2026-05-23T22:51:09.611-03:00  INFO 15608 --- [estoque-service] [           main] o.s.t.web.servlet.TestDispatcherServlet  : Completed initialization in 89 ms
2026-05-23T22:51:11.203-03:00  INFO 15608 --- [estoque-service] [           main] o.s.b.w.embedded.tomcat.TomcatWebServer  : Tomcat started on port 50965 (http) with context path ''
2026-05-23T22:51:11.811-03:00  INFO 15608 --- [estoque-service] [           main] b.e.i.estoque.EstoqueIntegrationTest     : Started EstoqueIntegrationTest in 26.987 seconds (process running for 30.312)
2026-05-23T22:51:15.277-03:00  INFO 15608 --- [estoque-service] [           main] b.e.i.estoque.service.EstoqueService     : Registrando movimentação do tipo ENTRADA para produto 1
2026-05-23T22:51:15.278-03:00  INFO 15608 --- [estoque-service] [           main] b.e.i.estoque.service.EstoqueService     : Validando produto 1 no Produto Service
2026-05-23T22:51:16.432-03:00  INFO 15608 --- [estoque-service] [           main] b.e.i.estoque.service.EstoqueService     : Novo saldo do produto 1: 50
]]></system-out>
  </testcase>
  <testcase name="registrarMovimentacao_produtoInexistente_deveRetornar404" classname="br.edu.inventory.estoque.EstoqueIntegrationTest" time="0.103">
    <system-out><![CDATA[2026-05-23T22:51:17.107-03:00  INFO 15608 --- [estoque-service] [           main] b.e.i.estoque.service.EstoqueService     : Registrando movimentação do tipo ENTRADA para produto 99
2026-05-23T22:51:17.109-03:00  INFO 15608 --- [estoque-service] [           main] b.e.i.estoque.service.EstoqueService     : Validando produto 99 no Produto Service
]]></system-out>
  </testcase>
</testsuite>