<?xml version="1.0" encoding="UTF-8"?>
<testsuite xmlns:xsi="http://www.w3.org/2001/XMLSchema-instance" xsi:noNamespaceSchemaLocation="https://maven.apache.org/surefire/maven-surefire-plugin/xsd/surefire-test-report-3.0.xsd" version="3.0" name="br.edu.inventory.estoque.service.EstoqueServiceTest" time="2.647" tests="3" errors="0" skipped="0" failures="0">
  <properties>
[...]
</properties>
  <testcase name="registrarMovimentacao_saldoFicouBaixo_devePublicarEvento" classname="br.edu.inventory.estoque.service.EstoqueServiceTest" time="2.526">
    <system-out><![CDATA[2026-05-23T22:51:19.142-03:00  INFO 15608 --- [estoque-service] [           main] b.e.i.estoque.service.EstoqueService     : Registrando movimentação do tipo SAIDA para produto 1
2026-05-23T22:51:19.146-03:00  INFO 15608 --- [estoque-service] [           main] b.e.i.estoque.service.EstoqueService     : Validando produto 1 no Produto Service
2026-05-23T22:51:19.199-03:00  INFO 15608 --- [estoque-service] [           main] b.e.i.estoque.service.EstoqueService     : Novo saldo do produto 1: 5
]]></system-out>
  </testcase>
  <testcase name="registrarMovimentacao_saidaSemSaldo_deveLancarException" classname="br.edu.inventory.estoque.service.EstoqueServiceTest" time="0.037">
    <system-out><![CDATA[2026-05-23T22:51:19.826-03:00  INFO 15608 --- [estoque-service] [           main] b.e.i.estoque.service.EstoqueService     : Registrando movimentação do tipo SAIDA para produto 1
2026-05-23T22:51:19.828-03:00  INFO 15608 --- [estoque-service] [           main] b.e.i.estoque.service.EstoqueService     : Validando produto 1 no Produto Service
2026-05-23T22:51:19.829-03:00  WARN 15608 --- [estoque-service] [           main] b.e.i.estoque.service.EstoqueService     : Estoque insuficiente. Saldo: 5, Solicitado: 10
]]></system-out>
  </testcase>
  <testcase name="consultarSaldo_deveRetornarSaldoCorreto" classname="br.edu.inventory.estoque.service.EstoqueServiceTest" time="0.053">
    <system-out><![CDATA[2026-05-23T22:51:19.884-03:00  INFO 15608 --- [estoque-service] [           main] b.e.i.estoque.service.EstoqueService     : Consultando saldo do produto 1
2026-05-23T22:51:19.885-03:00  INFO 15608 --- [estoque-service] [           main] b.e.i.estoque.service.EstoqueService     : Validando produto 1 no Produto Service
]]></system-out>
  </testcase>
</testsuite>