<?xml version="1.0" encoding="UTF-8"?>
<testsuite xmlns:xsi="http://www.w3.org/2001/XMLSchema-instance" xsi:noNamespaceSchemaLocation="https://maven.apache.org/surefire/maven-surefire-plugin/xsd/surefire-test-report-3.0.xsd" version="3.0" name="br.edu.inventory.produto.ProdutoIntegrationTest" time="19.269" tests="2" errors="0" skipped="0" failures="0">
  <properties>
[...]
</properties>
  <testcase name="buscarPorId_apiExternaIndisponivel_precoUsdDeveSerNulo" classname="br.edu.inventory.produto.ProdutoIntegrationTest" time="1.167">
    <system-out><![CDATA[2026-05-23T22:50:13.995-03:00  INFO 44676 --- [produto-service] [           main] t.c.s.AnnotationConfigContextLoaderUtils : Could not detect default configuration classes for test class [br.edu.inventory.produto.ProdutoIntegrationTest]: ProdutoIntegrationTest does not declare any static, non-private, non-final, nested classes annotated with @Configuration.
2026-05-23T22:50:14.079-03:00  INFO 44676 --- [produto-service] [           main] .b.t.c.SpringBootTestContextBootstrapper : Found @SpringBootConfiguration br.edu.inventory.produto.ProdutoApplication for test class br.edu.inventory.produto.ProdutoIntegrationTest

  .   ____          _            __ _ _
 /\\ / ___'_ __ _ _(_)_ __  __ _ \ \ \ \
( ( )\___ | '_ | '_| | '_ \/ _` | \ \ \ \
 \\/  ___)| |_)| | | | | || (_| |  ) ) ) )
  '  |____| .__|_| |_|_| |_\__, | / / / /
 =========|_|==============|___/=/_/_/_/
 :: Spring Boot ::                (v3.2.5)

2026-05-23T22:50:16.534-03:00  INFO 44676 --- [produto-service] [           main] b.e.i.produto.ProdutoIntegrationTest     : Starting ProdutoIntegrationTest using Java 17.0.12 with PID 44676 (started by Aluno in C:\Users\Aluno\Documents\sistemaDeEstoque\produto-service)
2026-05-23T22:50:16.534-03:00 DEBUG 44676 --- [produto-service] [           main] b.e.i.produto.ProdutoIntegrationTest     : Running with Spring Boot v3.2.5, Spring v6.1.6
2026-05-23T22:50:16.535-03:00  INFO 44676 --- [produto-service] [           main] b.e.i.produto.ProdutoIntegrationTest     : No active profile set, falling back to 1 default profile: "default"
2026-05-23T22:50:18.572-03:00  INFO 44676 --- [produto-service] [           main] .s.d.r.c.RepositoryConfigurationDelegate : Bootstrapping Spring Data JPA repositories in DEFAULT mode.
2026-05-23T22:50:18.715-03:00  INFO 44676 --- [produto-service] [           main] .s.d.r.c.RepositoryConfigurationDelegate : Finished Spring Data repository scanning in 121 ms. Found 1 JPA repository interface.
2026-05-23T22:50:19.277-03:00  INFO 44676 --- [produto-service] [           main] o.s.cloud.context.scope.GenericScope     : BeanFactory id=7b354038-0bec-399e-9006-cd97a2c7a8d3
2026-05-23T22:50:20.749-03:00  INFO 44676 --- [produto-service] [           main] o.s.b.w.embedded.tomcat.TomcatWebServer  : Tomcat initialized with port 0 (http)
2026-05-23T22:50:20.795-03:00  INFO 44676 --- [produto-service] [           main] o.apache.catalina.core.StandardService   : Starting service [Tomcat]
2026-05-23T22:50:20.797-03:00  INFO 44676 --- [produto-service] [           main] o.apache.catalina.core.StandardEngine    : Starting Servlet engine: [Apache Tomcat/10.1.20]
2026-05-23T22:50:20.992-03:00  INFO 44676 --- [produto-service] [           main] o.a.c.c.C.[Tomcat].[localhost].[/]       : Initializing Spring embedded WebApplicationContext
2026-05-23T22:50:20.992-03:00  INFO 44676 --- [produto-service] [           main] w.s.c.ServletWebServerApplicationContext : Root WebApplicationContext: initialization completed in 4454 ms
2026-05-23T22:50:21.375-03:00  INFO 44676 --- [produto-service] [           main] com.zaxxer.hikari.HikariDataSource       : HikariPool-1 - Starting...
2026-05-23T22:50:21.776-03:00  INFO 44676 --- [produto-service] [           main] com.zaxxer.hikari.pool.HikariPool        : HikariPool-1 - Added connection conn0: url=jdbc:h2:mem:produtodb user=SA
2026-05-23T22:50:21.780-03:00  INFO 44676 --- [produto-service] [           main] com.zaxxer.hikari.HikariDataSource       : HikariPool-1 - Start completed.
2026-05-23T22:50:21.797-03:00  INFO 44676 --- [produto-service] [           main] o.s.b.a.h2.H2ConsoleAutoConfiguration    : H2 console available at '/h2-console'. Database available at 'jdbc:h2:mem:produtodb'
2026-05-23T22:50:22.298-03:00  INFO 44676 --- [produto-service] [           main] o.hibernate.jpa.internal.util.LogHelper  : HHH000204: Processing PersistenceUnitInfo [name: default]
2026-05-23T22:50:22.484-03:00  INFO 44676 --- [produto-service] [           main] org.hibernate.Version                    : HHH000412: Hibernate ORM core version 6.4.4.Final
2026-05-23T22:50:22.587-03:00  INFO 44676 --- [produto-service] [           main] o.h.c.internal.RegionFactoryInitiator    : HHH000026: Second-level cache disabled
2026-05-23T22:50:22.920-03:00  INFO 44676 --- [produto-service] [           main] o.s.o.j.p.SpringPersistenceUnitInfo      : No LoadTimeWeaver setup: ignoring JPA class transformer
2026-05-23T22:50:23.030-03:00  WARN 44676 --- [produto-service] [           main] org.hibernate.orm.deprecation            : HHH90000025: H2Dialect does not need to be specified explicitly using 'hibernate.dialect' (remove the property setting and it will be selected by default)
2026-05-23T22:50:24.760-03:00  INFO 44676 --- [produto-service] [           main] o.h.e.t.j.p.i.JtaPlatformInitiator       : HHH000489: No JTA platform available (set 'hibernate.transaction.jta.platform' to enable JTA platform integration)
2026-05-23T22:50:24.806-03:00  INFO 44676 --- [produto-service] [           main] j.LocalContainerEntityManagerFactoryBean : Initialized JPA EntityManagerFactory for persistence unit 'default'
2026-05-23T22:50:28.019-03:00  WARN 44676 --- [produto-service] [           main] JpaBaseConfiguration$JpaWebConfiguration : spring.jpa.open-in-view is enabled by default. Therefore, database queries may be performed during view rendering. Explicitly configure spring.jpa.open-in-view to disable this warning
2026-05-23T22:50:30.633-03:00  INFO 44676 --- [produto-service] [           main] o.a.c.c.C.[Tomcat].[localhost].[/]       : Initializing Spring TestDispatcherServlet ''
2026-05-23T22:50:30.633-03:00  INFO 44676 --- [produto-service] [           main] o.s.t.web.servlet.TestDispatcherServlet  : Initializing Servlet ''
2026-05-23T22:50:30.664-03:00  INFO 44676 --- [produto-service] [           main] o.s.b.a.e.web.EndpointLinksResolver      : Exposing 4 endpoint(s) beneath base path '/actuator'
2026-05-23T22:50:30.704-03:00  INFO 44676 --- [produto-service] [           main] o.s.t.web.servlet.TestDispatcherServlet  : Completed initialization in 71 ms
2026-05-23T22:50:31.350-03:00  INFO 44676 --- [produto-service] [           main] o.s.b.w.embedded.tomcat.TomcatWebServer  : Tomcat started on port 53594 (http) with context path ''
2026-05-23T22:50:31.888-03:00  INFO 44676 --- [produto-service] [           main] b.e.i.produto.ProdutoIntegrationTest     : Started ProdutoIntegrationTest in 15.772 seconds (process running for 27.811)
2026-05-23T22:50:32.044-03:00  INFO 44676 --- [produto-service] [           main] b.e.i.produto.service.ProdutoService     : Criando produto com SKU=CAD-001
2026-05-23T22:50:32.240-03:00  INFO 44676 --- [produto-service] [           main] b.e.i.produto.service.ProdutoService     : Produto criado com id=1
2026-05-23T22:50:32.657-03:00  INFO 44676 --- [produto-service] [           main] b.e.i.produto.service.ProdutoService     : Buscando produto id=1
2026-05-23T22:50:32.684-03:00  INFO 44676 --- [produto-service] [           main] b.e.i.produto.service.CambioService      : Consultando cotação USD-BRL na AwesomeAPI...
2026-05-23T22:50:33.113-03:00 ERROR 44676 --- [produto-service] [           main] b.e.i.produto.service.CambioService      : Circuit Breaker ativo — AwesomeAPI indisponível: 503 Service Unavailable from GET http://localhost:8099/json/last/USD-BRL
]]></system-out>
  </testcase>
  <testcase name="fluxoCompletoCriacaoEConsulta" classname="br.edu.inventory.produto.ProdutoIntegrationTest" time="0.107">
    <system-out><![CDATA[2026-05-23T22:50:33.147-03:00  INFO 44676 --- [produto-service] [           main] b.e.i.produto.service.ProdutoService     : Criando produto com SKU=NOT-001
2026-05-23T22:50:33.151-03:00  INFO 44676 --- [produto-service] [           main] b.e.i.produto.service.ProdutoService     : Produto criado com id=2
2026-05-23T22:50:33.156-03:00  INFO 44676 --- [produto-service] [           main] b.e.i.produto.service.ProdutoService     : Buscando produto id=2
2026-05-23T22:50:33.158-03:00  INFO 44676 --- [produto-service] [           main] b.e.i.produto.service.CambioService      : Consultando cotação USD-BRL na AwesomeAPI...
2026-05-23T22:50:33.217-03:00  INFO 44676 --- [produto-service] [           main] b.e.i.produto.service.CambioService      : Taxa de câmbio USD-BRL obtida: 5.25
]]></system-out>
  </testcase>
</testsuite>